[00:47:05] [ServerMain/INFO]: Environment: Environment[sessionHost=https://sessionserver.mojang.com, servicesHost=https://api.minecraftservices.com, profilesHost=https://api.mojang.com, name=PROD]
[00:47:06] [ServerMain/INFO]: No existing world data, creating new world
[00:47:07] [ServerMain/INFO]: Loaded 1470 recipes
[00:47:07] [ServerMain/INFO]: Loaded 1584 advancements
[00:47:07] [Server thread/INFO]: Starting minecraft server version 1.21.11
[00:47:07] [Server thread/INFO]: Loading properties
[00:47:07] [Server thread/INFO]: Default game type: SURVIVAL
[00:47:07] [Server thread/INFO]: Generating keypair
[00:47:07] [Server thread/INFO]: Starting Minecraft server on *:25565
[00:47:07] [Server thread/WARN]: **** SERVER IS RUNNING IN OFFLINE/INSECURE MODE!
[00:47:07] [Server thread/WARN]: The server will make no attempt to authenticate usernames. Beware.
[00:47:07] [Server thread/WARN]: While this makes the game possible to play without internet access, it also opens up the ability for hackers to connect with any username they choose.
[00:47:07] [Server thread/WARN]: To change this, set "online-mode" to "true" in the server.properties file.
[00:47:08] [Server thread/INFO]: Preparing level "world"
[00:47:08] [Server thread/INFO]: Selecting global world spawn...
[00:47:13] [Server thread/INFO]: Loading 0 persistent chunks...
[00:47:13] [Server thread/INFO]: Preparing spawn area: 100%
[00:47:13] [Server thread/INFO]: Time elapsed: 4956 ms
[00:47:13] [Server thread/INFO]: Done (5.351s)! For help, type "help"
[00:48:13] [Server thread/INFO]: Server empty for 60 seconds, pausing
[00:48:16] [Server thread/INFO]: MS_Johann[/127.213.111.99:37897] logged in with entity id 3 at (-135.5, 71.0, 159.5)
[00:48:16] [Server thread/INFO]: MS_Johann joined the game
[00:48:56] [Server thread/INFO]: Xjea[/127.151.6.97:49101] logged in with entity id 358 at (-142.5, 71.0, 163.5)
[00:48:56] [Server thread/INFO]: Xjea joined the game
[00:48:56] [Server thread/INFO]: MS_Johann has made the advancement [Stone Age]
[00:49:07] [Server thread/INFO]: Xjea was slain by MS_Johann
[00:49:22] [Server thread/INFO]: MS_Johann has made the advancement [Getting an Upgrade]
[00:49:47] [Server thread/INFO]: Xjea has made the advancement [Stone Age]
[00:50:16] [Server thread/INFO]: Xjea has made the advancement [Getting an Upgrade]
[00:51:00] [Server thread/INFO]: MS_Johann was speared by Xjea
[00:53:58] [Server thread/INFO]: Incorrect argument for command
[00:53:58] [Server thread/INFO]: gamerule keepInventory true<--[HERE]
[00:54:12] [Server thread/INFO]: Incorrect argument for command
[00:54:12] [Server thread/INFO]: gamerule keepInventory true<--[HERE]
[00:54:23] [Server thread/INFO]: Made MS_Johann a server operator
[00:54:33] [Server thread/INFO]: [MS_Johann: Gamerule keep_inventory is now set to: true]
[00:54:37] [Server thread/INFO]: [MS_Johann: Made MS_Johann no longer a server operator]
[00:58:05] [Server thread/INFO]: MS_Johann has made the advancement [Monster Hunter]
[00:59:35] [Server thread/INFO]: Xjea has made the advancement [Monster Hunter]
[01:00:22] [Server thread/INFO]: MS_Johann has made the advancement [Acquire Hardware]
[01:00:49] [Server thread/INFO]: MS_Johann has made the advancement [Isn't It Iron Pick]
[01:03:15] [Server thread/INFO]: Xjea has made the advancement [Acquire Hardware]
[01:03:26] [Server thread/INFO]: Xjea has made the advancement [Isn't It Iron Pick]
[01:05:49] [Server thread/INFO]: Xjea has made the advancement [Not Today, Thank You]
[01:08:39] [Server thread/INFO]: MS_Johann has made the advancement [Not Today, Thank You]
[01:12:01] [Server thread/INFO]: MS_Johann was slain by Zombie
[01:13:27] [Server thread/INFO]: Xjea has made the advancement [Fishy Business]
[01:17:03] [Server thread/INFO]: MS_Johann has made the advancement [Fishy Business]
[01:17:45] [Server thread/INFO]: Xjea has made the advancement [Sweet Dreams]
[01:17:49] [Server thread/INFO]: MS_Johann has made the advancement [Sweet Dreams]
[01:19:59] [Server thread/WARN]: Mismatch in destroy block pos: is{x=-451, y=76, z=524} is{x=-451, y=75, z=525}
[01:20:12] [Server thread/INFO]: Xjea has made the advancement [Best Friends Forever]
[01:23:38] [Server thread/WARN]: Spruce Boat (vehicle of Xjea) moved wrongly! 0.6765711457677526
[01:23:38] [Server thread/WARN]: Spruce Boat (vehicle of Xjea) moved wrongly! 1.395079139434415
[01:23:38] [Server thread/WARN]: Spruce Boat (vehicle of Xjea) moved wrongly! 2.0912654368122503
[01:23:38] [Server thread/WARN]: Spruce Boat (vehicle of Xjea) moved wrongly! 2.819509309208456
[01:23:39] [Server thread/WARN]: Spruce Boat (vehicle of Xjea) moved wrongly! 0.4605981407959234
[01:23:39] [Server thread/WARN]: Spruce Boat (vehicle of Xjea) moved wrongly! 0.4144684509793706
[01:23:39] [Server thread/WARN]: Spruce Boat (vehicle of Xjea) moved wrongly! 0.37540907764866915
[01:23:39] [Server thread/WARN]: Spruce Boat (vehicle of Xjea) moved wrongly! 0.3426221614985252
[01:23:39] [Server thread/WARN]: Spruce Boat (vehicle of Xjea) moved wrongly! 0.31539685881750756
[01:27:34] [Server thread/INFO]: MS_Johann lost connection: Disconnected
[01:27:34] [Server thread/INFO]: MS_Johann left the game
[01:27:44] [Server thread/INFO]: Xjea lost connection: Disconnected
[01:27:44] [Server thread/INFO]: Xjea left the game
[01:28:44] [Server thread/INFO]: Server empty for 60 seconds, pausing
